<?xml version="1.0" encoding="UTF-8"?>
<!-- Generated by org.testng.reporters.JUnitReportReporter -->
<testsuite hostname="IB-Pune-LAP-356" failures="0" tests="5" name="Test.Person.LeadConversionTest" time="633.715" errors="0" timestamp="2023-07-11T11:49:02 IST" skipped="0">
  <testcase classname="Test.Person.LeadConversionTest" name="T001" time="145.321"/>
  <system-out/>
  <testcase classname="Test.Person.LeadConversionTest" name="T004" time="156.456"/>
  <system-out/>
  <testcase classname="Test.Person.LeadConversionTest" name="T003" time="102.996"/>
  <system-out/>
  <testcase classname="Test.Person.LeadConversionTest" name="T005" time="45.420"/>
  <system-out/>
  <testcase classname="Test.Person.LeadConversionTest" name="T002" time="183.522"/>
  <system-out/>
</testsuite> <!-- Test.Person.LeadConversionTest -->
