<?xml version="1.0" encoding="UTF-8"?>
<!-- Generated by org.testng.reporters.JUnitReportReporter -->
<testsuite hostname="IB-Pune-LAP-356" failures="0" tests="9" name="Test.Person.UnitSelection" time="1753.959" errors="0" timestamp="2023-07-17T10:47:13 IST" skipped="1">
  <testcase classname="Test.Person.UnitSelection" name="T003" time="368.903"/>
  <system-out/>
  <testcase classname="Test.Person.UnitSelection" name="T008" time="229.114"/>
  <system-out/>
  <testcase classname="Test.Person.UnitSelection" name="T002" time="261.054"/>
  <system-out/>
  <testcase classname="Test.Person.UnitSelection" name="T007" time="258.424"/>
  <system-out/>
  <testcase classname="Test.Person.UnitSelection" name="T004" time="15.177">
    <skipped/>
  </testcase> <!-- T004 -->
  <system-out/>
  <testcase classname="Test.Person.UnitSelection" name="T0013" time="346.860"/>
  <system-out/>
  <testcase classname="Test.Person.UnitSelection" name="T005" time="22.293"/>
  <system-out/>
  <testcase classname="Test.Person.UnitSelection" name="T004" time="229.362"/>
  <system-out/>
  <testcase classname="Test.Person.UnitSelection" name="T006" time="22.772"/>
  <system-out/>
</testsuite> <!-- Test.Person.UnitSelection -->
