<?xml version="1.0" encoding="UTF-8"?>
<!-- Generated by org.testng.reporters.JUnitReportReporter -->
<testsuite hostname="IB-Pune-LAP-356" failures="0" tests="3" name="Test.Person.ReceiptAllocation" time="670.116" errors="0" timestamp="2023-07-13T10:51:16 IST" skipped="0">
  <testcase classname="Test.Person.ReceiptAllocation" name="T004" time="119.516"/>
  <system-out/>
  <testcase classname="Test.Person.ReceiptAllocation" name="T002" time="32.972"/>
  <system-out/>
  <testcase classname="Test.Person.ReceiptAllocation" name="T001" time="517.628"/>
  <system-out/>
</testsuite> <!-- Test.Person.ReceiptAllocation -->
