<?xml version="1.0" encoding="UTF-8"?>
<!-- Generated by org.testng.reporters.JUnitReportReporter -->
<testsuite hostname="IB-Pune-LAP-356" failures="0" tests="1" name="PdF.PdfReader" time="2.390" errors="0" timestamp="2023-07-26T17:15:55 IST" skipped="0">
  <testcase classname="PdF.PdfReader" name="test1" time="2.390"/>
</testsuite> <!-- PdF.PdfReader -->
