<?xml version="1.0" encoding="UTF-8"?>
<!-- Generated by org.testng.reporters.JUnitReportReporter -->
<testsuite hostname="IB-Pune-LAP-356" failures="0" tests="1" name="Test.Person.HelloWorld" time="0.282" errors="0" timestamp="2023-07-31T11:19:54 IST" skipped="0">
  <testcase classname="Test.Person.HelloWorld" name="main" time="0.282"/>
</testsuite> <!-- Test.Person.HelloWorld -->
