<?xml version="1.0" encoding="UTF-8"?>
<!-- Generated by org.testng.reporters.JUnitReportReporter -->
<testsuite hostname="IB-Pune-LAP-356" failures="0" tests="1" name="Test.Person.DatabaseTestCases" time="40.826" errors="0" timestamp="2023-08-01T15:26:31 IST" skipped="0">
  <testcase classname="Test.Person.DatabaseTestCases" name="databaseTesting" time="40.826"/>
</testsuite> <!-- Test.Person.DatabaseTestCases -->
